#
# A fatal error has been detected by the Java Runtime Environment:
#
#  EXCEPTION_ACCESS_VIOLATION (0xc0000005) at pc=0x0000000074a87976, pid=3384, tid=0x0000000000000e2c
#
# JRE version: Java(TM) SE Runtime Environment (8.0_221-b11) (build 1.8.0_221-b11)
# Java VM: Java HotSpot(TM) 64-Bit Server VM (25.221-b11 mixed mode windows-amd64 compressed oops)
# Problematic frame:
# V  [jvm.dll+0x237976]
#
# Failed to write core dump. Minidumps are not enabled by default on client versions of Windows
#
# If you would like to submit a bug report, please visit:
#   http://bugreport.java.com/bugreport/crash.jsp
#

---------------  T H R E A D  ---------------

Current thread (0x00000000176a8000):  VMThread [stack: 0x0000000018730000,0x0000000018830000] [id=3628]

siginfo: ExceptionCode=0xc0000005, reading address 0xffffffffffffffff

Registers:
RAX=0x8000000000000000, RBX=0x000000001882e820, RCX=0x000000001882e820, RDX=0x8000000000000028
RSP=0x000000001882e550, RBP=0x000000001882ed60, RSI=0x0000000000000000, RDI=0x000000001882eef0
R8 =0x0000000000000000, R9 =0x000000001717bfc0, R10=0x0000000000000008, R11=0x0000000074e59f48
R12=0x00000000175b54b0, R13=0x000000001882ed20, R14=0x00000000000003d8, R15=0x000000001882ed10
RIP=0x0000000074a87976, EFLAGS=0x0000000000010202

Top of Stack: (sp=0x000000001882e550)
0x000000001882e550:   00000000d8fd27a0 00000000d8fbe3d8
0x000000001882e560:   00000000d8fa6198 00000000d8f90210
0x000000001882e570:   00000000d8f8bf88 00000000d8f757b8
0x000000001882e580:   00000000d8f71f38 00000000d8f6e108
0x000000001882e590:   00000000d8f6b540 00000000d8f683d8
0x000000001882e5a0:   0000000002d3f868 0000000002d3f868
0x000000001882e5b0:   00000000d8f5de60 00000000d8f5b620
0x000000001882e5c0:   00000000d8f4de40 00000000d8f4aa48
0x000000001882e5d0:   00000000d8f46c48 00000000d8f3d9a0
0x000000001882e5e0:   00000000d8f372b8 00000000d8f2f9c0
0x000000001882e5f0:   00000000d8f2ba68 00000000d8f25568
0x000000001882e600:   00000000d8f20fa8 00000000d8f1d338
0x000000001882e610:   00000000d8f17210 00000000d8f12f78
0x000000001882e620:   00000000d8f0f5d0 00000000d8f098d8
0x000000001882e630:   00000000d8f05920 00000000d8f021d8
0x000000001882e640:   00000000d8efc8c0 00000000d8ef8ba8 

Instructions: (pc=0x0000000074a87976)
0x0000000074a87956:   01 00 00 48 8b 05 d0 ce 5b 00 48 33 c4 48 89 84
0x0000000074a87966:   24 30 01 00 00 4c 63 41 10 48 8b 41 08 48 8b d9
0x0000000074a87976:   42 38 54 00 08 74 33 44 0f be c2 48 8d 4c 24 20
0x0000000074a87986:   48 8d 15 03 fb 3e 00 e8 ce e4 de ff 48 8d 0d 87 


Register to memory mapping:

RAX=0x8000000000000000 is an unknown value
RBX=0x000000001882e820 is an unknown value
RCX=0x000000001882e820 is an unknown value
RDX=0x8000000000000028 is an unknown value
RSP=0x000000001882e550 is an unknown value
RBP=0x000000001882ed60 is an unknown value
RSI=0x0000000000000000 is an unknown value
RDI=0x000000001882eef0 is an unknown value
R8 =0x0000000000000000 is an unknown value
R9 =0x000000001717bfc0 is pointing into metadata
R10=0x0000000000000008 is an unknown value
R11=0x0000000074e59f48 is an unknown value
R12=0x00000000175b54b0 is an unknown value
R13=0x000000001882ed20 is an unknown value
R14=0x00000000000003d8 is an unknown value
R15=0x000000001882ed10 is an unknown value


Stack: [0x0000000018730000,0x0000000018830000],  sp=0x000000001882e550,  free space=1017k
Native frames: (J=compiled Java code, j=interpreted, Vv=VM code, C=native code)
V  [jvm.dll+0x237976]
V  [jvm.dll+0x237ff4]
V  [jvm.dll+0xff543]
V  [jvm.dll+0x102659]
V  [jvm.dll+0x1030ff]
V  [jvm.dll+0x103945]
V  [jvm.dll+0x103b92]
V  [jvm.dll+0xc505e]
V  [jvm.dll+0xc56e8]
V  [jvm.dll+0xc581a]
V  [jvm.dll+0xc5a18]
V  [jvm.dll+0x10f9fa]
V  [jvm.dll+0x12d37f]
V  [jvm.dll+0x1bf5af]
V  [jvm.dll+0x24d517]
V  [jvm.dll+0x24c7b6]
V  [jvm.dll+0x24cc51]
V  [jvm.dll+0x24ce6e]
V  [jvm.dll+0x29fb8a]
C  [msvcr100.dll+0x21d9f]
C  [msvcr100.dll+0x21e3b]
C  [KERNEL32.DLL+0x17bd4]
C  [ntdll.dll+0x6ced1]

VM_Operation (0x000000001917f360): GetOrSetLocal, mode: safepoint, requested by thread 0x00000000176e9000


---------------  P R O C E S S  ---------------

Java Threads: ( => current thread )
  0x0000000019fb8800 JavaThread "TimerQueue" daemon [_thread_blocked, id=10208, stack(0x000000001cc20000,0x000000001cd20000)]
  0x00000000196fb000 JavaThread "AWT-Windows" daemon [_thread_in_native, id=9804, stack(0x000000001a7e0000,0x000000001a8e0000)]
  0x0000000019629800 JavaThread "Java2D Disposer" daemon [_thread_blocked, id=9888, stack(0x000000001a5e0000,0x000000001a6e0000)]
  0x0000000019415000 JavaThread "Service Thread" daemon [_thread_blocked, id=4464, stack(0x0000000019a80000,0x0000000019b80000)]
  0x0000000019406800 JavaThread "C1 CompilerThread2" daemon [_thread_blocked, id=3532, stack(0x0000000019980000,0x0000000019a80000)]
  0x0000000019405800 JavaThread "C2 CompilerThread1" daemon [_thread_blocked, id=8780, stack(0x0000000019880000,0x0000000019980000)]
  0x0000000019405000 JavaThread "C2 CompilerThread0" daemon [_thread_blocked, id=5132, stack(0x0000000019780000,0x0000000019880000)]
  0x00000000176f9000 JavaThread "JDWP Command Reader" daemon [_thread_in_native, id=7340, stack(0x0000000019280000,0x0000000019380000)]
  0x00000000176f5800 JavaThread "JDWP Event Helper Thread" daemon [_thread_blocked, id=8804, stack(0x0000000019180000,0x0000000019280000)]
  0x00000000176e9000 JavaThread "JDWP Transport Listener: dt_socket" daemon [_thread_blocked, id=8924, stack(0x0000000019080000,0x0000000019180000)]
  0x00000000176df800 JavaThread "Attach Listener" daemon [_thread_blocked, id=8812, stack(0x0000000018c40000,0x0000000018d40000)]
  0x00000000176de000 JavaThread "Signal Dispatcher" daemon [_thread_blocked, id=8040, stack(0x0000000018b40000,0x0000000018c40000)]
  0x00000000176ca000 JavaThread "Finalizer" daemon [_thread_blocked, id=604, stack(0x0000000018930000,0x0000000018a30000)]
  0x0000000003032000 JavaThread "Reference Handler" daemon [_thread_blocked, id=9908, stack(0x0000000018830000,0x0000000018930000)]
  0x0000000002f42800 JavaThread "main" [_thread_blocked, id=4528, stack(0x0000000002c40000,0x0000000002d40000)]

Other Threads:
=>0x00000000176a8000 VMThread [stack: 0x0000000018730000,0x0000000018830000] [id=3628]
  0x00000000194e2000 WatcherThread [stack: 0x0000000019b80000,0x0000000019c80000] [id=2020]

VM state:at safepoint (normal execution)

VM Mutex/Monitor currently owned by a thread:  ([mutex/lock_event])
[0x0000000002d4db70] Threads_lock - owner thread: 0x00000000176a8000

heap address: 0x0000000089800000, size: 1896 MB, Compressed Oops mode: 32-bit
Narrow klass base: 0x0000000000000000, Narrow klass shift: 3
Compressed class space size: 1073741824 Address: 0x0000000100000000

Heap:
 PSYoungGen      total 35840K, used 18524K [0x00000000d8800000, 0x00000000db000000, 0x0000000100000000)
  eden space 30720K, 60% used [0x00000000d8800000,0x00000000d9a17138,0x00000000da600000)
  from space 5120K, 0% used [0x00000000dab00000,0x00000000dab00000,0x00000000db000000)
  to   space 5120K, 0% used [0x00000000da600000,0x00000000da600000,0x00000000dab00000)
 ParOldGen       total 81920K, used 0K [0x0000000089800000, 0x000000008e800000, 0x00000000d8800000)
  object space 81920K, 0% used [0x0000000089800000,0x0000000089800000,0x000000008e800000)
 Metaspace       used 12677K, capacity 12880K, committed 13184K, reserved 1060864K
  class space    used 1547K, capacity 1625K, committed 1664K, reserved 1048576K

Card table byte_map: [0x0000000012400000,0x00000000127c0000] byte_map_base: 0x0000000011fb4000

Marking Bits: (ParMarkBitMap*) 0x0000000075075ce0
 Begin Bits: [0x0000000012e40000, 0x0000000014be0000)
 End Bits:   [0x0000000014be0000, 0x0000000016980000)

Polling page: 0x0000000002d50000

CodeCache: size=245760Kb used=2697Kb max_used=2704Kb free=243063Kb
 bounds [0x0000000003040000, 0x00000000032f0000, 0x0000000012040000]
 total_blobs=1222 nmethods=725 adapters=418
 compilation: enabled

Compilation events (10 events):
Event: 288.928 Thread 0x0000000019406800 nmethod 720 0x00000000032e17d0 code [0x00000000032e1940, 0x00000000032e1ca8]
Event: 288.928 Thread 0x0000000019406800  721       3       org.eclipse.jdt.launching.internal.org.objectweb.asm.ClassReader::readUtf (44 bytes)
Event: 288.931 Thread 0x0000000019406800 nmethod 721 0x00000000032e3350 code [0x00000000032e34e0, 0x00000000032e3968]
Event: 288.931 Thread 0x0000000019406800  722       3       org.eclipse.jdt.launching.internal.org.objectweb.asm.Symbol::<init> (38 bytes)
Event: 288.931 Thread 0x0000000019405800 nmethod 723 0x00000000032e5510 code [0x00000000032e5660, 0x00000000032e5758]
Event: 288.931 Thread 0x0000000019406800 nmethod 722 0x00000000032e2f10 code [0x00000000032e3060, 0x00000000032e3270]
Event: 312.739 Thread 0x0000000019406800  724       3       org.eclipse.jdt.launching.internal.org.objectweb.asm.SymbolTable$Entry::<init> (17 bytes)
Event: 312.739 Thread 0x0000000019406800 nmethod 724 0x00000000032e2b10 code [0x00000000032e2c80, 0x00000000032e2e68]
Event: 312.739 Thread 0x0000000019406800  725       3       org.eclipse.jdt.launching.internal.org.objectweb.asm.ByteVector::putByte (39 bytes)
Event: 312.740 Thread 0x0000000019406800 nmethod 725 0x00000000032e2610 code [0x00000000032e2780, 0x00000000032e29a8]

GC Heap History (0 events):
No events

Deoptimization events (4 events):
Event: 2.727 Thread 0x000000001977e000 Uncommon trap: reason=class_check action=maybe_recompile pc=0x00000000031af818 method=java.lang.String.equals(Ljava/lang/Object;)Z @ 8
Event: 2.727 Thread 0x000000001977e000 Uncommon trap: reason=class_check action=maybe_recompile pc=0x00000000031af818 method=java.lang.String.equals(Ljava/lang/Object;)Z @ 8
Event: 3.461 Thread 0x000000001977e000 Uncommon trap: reason=class_check action=maybe_recompile pc=0x00000000031af818 method=java.lang.String.equals(Ljava/lang/Object;)Z @ 8
Event: 3.461 Thread 0x000000001977e000 Uncommon trap: reason=class_check action=maybe_recompile pc=0x00000000031af818 method=java.lang.String.equals(Ljava/lang/Object;)Z @ 8

Classes redefined (5 events):
Event: 142.712 Thread 0x00000000176a8000 redefined class name=cursojava.executavel.PrimeiraClasseJava, count=1
Event: 203.803 Thread 0x00000000176a8000 redefined class name=cursojava.executavel.PrimeiraClasseJava, count=2
Event: 280.457 Thread 0x00000000176a8000 redefined class name=cursojava.executavel.PrimeiraClasseJava, count=3
Event: 288.931 Thread 0x00000000176a8000 redefined class name=cursojava.executavel.PrimeiraClasseJava, count=4
Event: 312.742 Thread 0x00000000176a8000 redefined class name=cursojava.executavel.PrimeiraClasseJava, count=5

Internal exceptions (10 events):
Event: 0.031 Thread 0x0000000002f42800 Exception <a 'java/lang/NoSuchMethodError': Method sun.misc.Unsafe.defineClass(Ljava/lang/String;[BII)Ljava/lang/Class; name or signature does not match> (0x00000000d8807cb8) thrown at [C:\re\workspace\8-2-build-windows-amd64-cygwin\jdk8u221\13320\hotspot
Event: 0.031 Thread 0x0000000002f42800 Exception <a 'java/lang/NoSuchMethodError': Method sun.misc.Unsafe.prefetchRead(Ljava/lang/Object;J)V name or signature does not match> (0x00000000d8807fa0) thrown at [C:\re\workspace\8-2-build-windows-amd64-cygwin\jdk8u221\13320\hotspot\src\share\vm\prim
Event: 0.283 Thread 0x0000000002f42800 Exception <a 'java/security/PrivilegedActionException'> (0x00000000d8deaf80) thrown at [C:\re\workspace\8-2-build-windows-amd64-cygwin\jdk8u221\13320\hotspot\src\share\vm\prims\jvm.cpp, line 1502]
Event: 0.283 Thread 0x0000000002f42800 Exception <a 'java/security/PrivilegedActionException'> (0x00000000d8deb190) thrown at [C:\re\workspace\8-2-build-windows-amd64-cygwin\jdk8u221\13320\hotspot\src\share\vm\prims\jvm.cpp, line 1502]
Event: 0.284 Thread 0x0000000002f42800 Exception <a 'java/security/PrivilegedActionException'> (0x00000000d8def0a0) thrown at [C:\re\workspace\8-2-build-windows-amd64-cygwin\jdk8u221\13320\hotspot\src\share\vm\prims\jvm.cpp, line 1502]
Event: 0.284 Thread 0x0000000002f42800 Exception <a 'java/security/PrivilegedActionException'> (0x00000000d8def2b0) thrown at [C:\re\workspace\8-2-build-windows-amd64-cygwin\jdk8u221\13320\hotspot\src\share\vm\prims\jvm.cpp, line 1502]
Event: 0.289 Thread 0x0000000002f42800 Exception <a 'java/io/FileNotFoundException'> (0x00000000d8e00680) thrown at [C:\re\workspace\8-2-build-windows-amd64-cygwin\jdk8u221\13320\hotspot\src\share\vm\prims\jni.cpp, line 710]
Event: 0.319 Thread 0x0000000002f42800 Exception <a 'java/lang/NoSuchFieldError': method resolution failed> (0x00000000d8f2ffe0) thrown at [C:\re\workspace\8-2-build-windows-amd64-cygwin\jdk8u221\13320\hotspot\src\share\vm\prims\methodHandles.cpp, line 1167]
Event: 0.323 Thread 0x0000000002f42800 Exception <a 'java/lang/NoSuchFieldError': method resolution failed> (0x00000000d8f3de58) thrown at [C:\re\workspace\8-2-build-windows-amd64-cygwin\jdk8u221\13320\hotspot\src\share\vm\prims\methodHandles.cpp, line 1167]
Event: 0.381 Thread 0x0000000002f42800 Exception <a 'java/io/FileNotFoundException'> (0x00000000d91d3350) thrown at [C:\re\workspace\8-2-build-windows-amd64-cygwin\jdk8u221\13320\hotspot\src\share\vm\prims\jni.cpp, line 710]

Events (10 events):
Event: 312.882 Executing VM operation: GetOwnedMonitorInfo done
Event: 318.298 Executing VM operation: GetCurrentContendedMonitor
Event: 318.298 Executing VM operation: GetCurrentContendedMonitor done
Event: 318.298 Executing VM operation: GetOwnedMonitorInfo
Event: 318.298 Executing VM operation: GetOwnedMonitorInfo done
Event: 320.607 Executing VM operation: GetOwnedMonitorInfo
Event: 320.607 Executing VM operation: GetOwnedMonitorInfo done
Event: 320.607 Executing VM operation: GetCurrentContendedMonitor
Event: 320.608 Executing VM operation: GetCurrentContendedMonitor done
Event: 320.770 Executing VM operation: GetOrSetLocal


Dynamic libraries:
0x00007ff797880000 - 0x00007ff7978b7000 	C:\Program Files\Java\jdk1.8.0_221\bin\javaw.exe
0x00007ff9faa00000 - 0x00007ff9fabf0000 	C:\Windows\SYSTEM32\ntdll.dll
0x00007ff9f92e0000 - 0x00007ff9f9392000 	C:\Windows\System32\KERNEL32.DLL
0x00007ff9f84a0000 - 0x00007ff9f8743000 	C:\Windows\System32\KERNELBASE.dll
0x00007ff9f9d80000 - 0x00007ff9f9e23000 	C:\Windows\System32\ADVAPI32.dll
0x00007ff9f9240000 - 0x00007ff9f92de000 	C:\Windows\System32\msvcrt.dll
0x00007ff9fa010000 - 0x00007ff9fa0a7000 	C:\Windows\System32\sechost.dll
0x00007ff9f8c80000 - 0x00007ff9f8da0000 	C:\Windows\System32\RPCRT4.dll
0x00007ff9f9420000 - 0x00007ff9f95b4000 	C:\Windows\System32\USER32.dll
0x00007ff9f8970000 - 0x00007ff9f8991000 	C:\Windows\System32\win32u.dll
0x00007ff9fa520000 - 0x00007ff9fa546000 	C:\Windows\System32\GDI32.dll
0x00007ff9f8110000 - 0x00007ff9f82a4000 	C:\Windows\System32\gdi32full.dll
0x00007ff9f8300000 - 0x00007ff9f839e000 	C:\Windows\System32\msvcp_win.dll
0x00007ff9f83a0000 - 0x00007ff9f849a000 	C:\Windows\System32\ucrtbase.dll
0x00007ff9f0090000 - 0x00007ff9f0315000 	C:\Windows\WinSxS\amd64_microsoft.windows.common-controls_6595b64144ccf1df_6.0.18362.535_none_e6c3b34713100821\COMCTL32.dll
0x00007ff9f8f00000 - 0x00007ff9f9236000 	C:\Windows\System32\combase.dll
0x00007ff9f89a0000 - 0x00007ff9f8a20000 	C:\Windows\System32\bcryptPrimitives.dll
0x00007ff9f9f00000 - 0x00007ff9f9f2e000 	C:\Windows\System32\IMM32.DLL
0x0000000075100000 - 0x00000000751d2000 	C:\Program Files\Java\jdk1.8.0_221\jre\bin\msvcr100.dll
0x0000000074850000 - 0x00000000750f5000 	C:\Program Files\Java\jdk1.8.0_221\jre\bin\server\jvm.dll
0x00007ff9f9d70000 - 0x00007ff9f9d78000 	C:\Windows\System32\PSAPI.DLL
0x00007ff9f2ee0000 - 0x00007ff9f2ee9000 	C:\Windows\SYSTEM32\WSOCK32.dll
0x00007ff9f1400000 - 0x00007ff9f1424000 	C:\Windows\SYSTEM32\WINMM.dll
0x00007ff9f5260000 - 0x00007ff9f526a000 	C:\Windows\SYSTEM32\VERSION.dll
0x00007ff9fa1c0000 - 0x00007ff9fa22f000 	C:\Windows\System32\WS2_32.dll
0x00007ff9f13d0000 - 0x00007ff9f13fd000 	C:\Windows\SYSTEM32\WINMMBASE.dll
0x00007ff9f82b0000 - 0x00007ff9f82fa000 	C:\Windows\System32\cfgmgr32.dll
0x00007ff9f0330000 - 0x00007ff9f033f000 	C:\Program Files\Java\jdk1.8.0_221\jre\bin\verify.dll
0x00007ff9def70000 - 0x00007ff9def99000 	C:\Program Files\Java\jdk1.8.0_221\jre\bin\java.dll
0x00007ff9df370000 - 0x00007ff9df3a5000 	C:\Program Files\Java\jdk1.8.0_221\jre\bin\jdwp.dll
0x00007ff9ecd10000 - 0x00007ff9ecd18000 	C:\Program Files\Java\jdk1.8.0_221\jre\bin\npt.dll
0x00007ff9df020000 - 0x00007ff9df043000 	C:\Program Files\Java\jdk1.8.0_221\jre\bin\instrument.dll
0x00007ff9df350000 - 0x00007ff9df366000 	C:\Program Files\Java\jdk1.8.0_221\jre\bin\zip.dll
0x00007ff9f95c0000 - 0x00007ff9f9ca5000 	C:\Windows\System32\SHELL32.dll
0x00007ff9fa0b0000 - 0x00007ff9fa159000 	C:\Windows\System32\shcore.dll
0x00007ff9f7990000 - 0x00007ff9f810f000 	C:\Windows\System32\windows.storage.dll
0x00007ff9f7900000 - 0x00007ff9f791f000 	C:\Windows\System32\profapi.dll
0x00007ff9f7940000 - 0x00007ff9f798a000 	C:\Windows\System32\powrprof.dll
0x00007ff9f78d0000 - 0x00007ff9f78e0000 	C:\Windows\System32\UMPDC.dll
0x00007ff9f9fb0000 - 0x00007ff9fa002000 	C:\Windows\System32\shlwapi.dll
0x00007ff9f78e0000 - 0x00007ff9f78f1000 	C:\Windows\System32\kernel.appcore.dll
0x00007ff9f8750000 - 0x00007ff9f8767000 	C:\Windows\System32\cryptsp.dll
0x00007ff9eb500000 - 0x00007ff9eb509000 	C:\Program Files\Java\jdk1.8.0_221\jre\bin\dt_socket.dll
0x00007ff9f5530000 - 0x00007ff9f5546000 	C:\Windows\system32\napinsp.dll
0x00007ff9f3c80000 - 0x00007ff9f3c9a000 	C:\Windows\system32\pnrpnsp.dll
0x00007ff9f7140000 - 0x00007ff9f71a7000 	C:\Windows\System32\mswsock.dll
0x00007ff9f6e90000 - 0x00007ff9f6f5a000 	C:\Windows\SYSTEM32\DNSAPI.dll
0x00007ff9fa510000 - 0x00007ff9fa518000 	C:\Windows\System32\NSI.dll
0x00007ff9f6e50000 - 0x00007ff9f6e8a000 	C:\Windows\SYSTEM32\IPHLPAPI.DLL
0x00007ff9f5910000 - 0x00007ff9f591e000 	C:\Windows\System32\winrnr.dll
0x00007ff9f3c00000 - 0x00007ff9f3c1c000 	C:\Windows\system32\NLAapi.dll
0x00007ff9ddba0000 - 0x00007ff9ddbb5000 	C:\Windows\system32\wshbth.dll
0x00007ff9f5430000 - 0x00007ff9f54a7000 	C:\Windows\System32\fwpuclnt.dll
0x00007ff9f8a80000 - 0x00007ff9f8aa6000 	C:\Windows\System32\bcrypt.dll
0x00007ff9f2790000 - 0x00007ff9f279a000 	C:\Windows\System32\rasadhlp.dll
0x00007ff9b7d90000 - 0x00007ff9b7f29000 	C:\Program Files\Java\jdk1.8.0_221\jre\bin\awt.dll
0x00007ff9fa440000 - 0x00007ff9fa504000 	C:\Windows\System32\OLEAUT32.dll
0x00007ff9f5270000 - 0x00007ff9f52ff000 	C:\Windows\SYSTEM32\apphelp.dll
0x00007ff9f5b60000 - 0x00007ff9f5bf9000 	C:\Windows\system32\uxtheme.dll
0x00007ff9f8ad0000 - 0x00007ff9f8c05000 	C:\Windows\System32\MSCTF.dll
0x00007ff9f8da0000 - 0x00007ff9f8ef6000 	C:\Windows\System32\ole32.dll
0x00007ff9f5fa0000 - 0x00007ff9f5fcd000 	C:\Windows\system32\DWMAPI.DLL
0x00007ff9decf0000 - 0x00007ff9ded39000 	C:\Program Files\Java\jdk1.8.0_221\jre\bin\fontmanager.dll
0x00007ff9ddc10000 - 0x00007ff9ddd66000 	C:\Windows\system32\opengl32.dll
0x00007ff9e3550000 - 0x00007ff9e357c000 	C:\Windows\SYSTEM32\GLU32.dll
0x00007ff9f6570000 - 0x00007ff9f6590000 	C:\Windows\SYSTEM32\dxcore.dll
0x00007ff9decd0000 - 0x00007ff9decea000 	C:\Program Files\Java\jdk1.8.0_221\jre\bin\net.dll
0x00007ff9f2cc0000 - 0x00007ff9f2e96000 	C:\Windows\SYSTEM32\urlmon.dll
0x00007ff9f2a10000 - 0x00007ff9f2cb6000 	C:\Windows\SYSTEM32\iertutil.dll
0x00007ff9f7310000 - 0x00007ff9f731c000 	C:\Windows\SYSTEM32\CRYPTBASE.DLL
0x00007ff9deb60000 - 0x00007ff9deb72000 	C:\Program Files\Java\jdk1.8.0_221\jre\bin\nio.dll
0x00007ff9ddbc0000 - 0x00007ff9ddc02000 	C:\Program Files\Java\jdk1.8.0_221\jre\bin\t2k.dll
0x00007ff9f9cc0000 - 0x00007ff9f9d62000 	C:\Windows\System32\clbcatq.dll
0x00007ff9e5ac0000 - 0x00007ff9e5c6f000 	C:\Windows\SYSTEM32\WindowsCodecs.dll
0x00007ff9d7f30000 - 0x00007ff9d7f6a000 	C:\Windows\system32\dataexchange.dll
0x00007ff9f48a0000 - 0x00007ff9f4afb000 	C:\Windows\system32\d3d11.dll
0x00007ff9f4b00000 - 0x00007ff9f4cdb000 	C:\Windows\system32\dcomp.dll
0x00007ff9f6690000 - 0x00007ff9f677b000 	C:\Windows\system32\dxgi.dll
0x00007ff9f5d20000 - 0x00007ff9f5f7a000 	C:\Windows\system32\twinapi.appcore.dll
0x00007ff9f6230000 - 0x00007ff9f6259000 	C:\Windows\system32\RMCLIENT.dll
0x00007ff9e5270000 - 0x00007ff9e530e000 	C:\Windows\System32\TextInputFramework.dll
0x00007ff9e5c70000 - 0x00007ff9e5f9a000 	C:\Windows\System32\CoreUIComponents.dll
0x00007ff9f5050000 - 0x00007ff9f5124000 	C:\Windows\System32\CoreMessaging.dll
0x00007ff9f68a0000 - 0x00007ff9f68d1000 	C:\Windows\SYSTEM32\ntmarta.dll
0x00007ff9f33a0000 - 0x00007ff9f34f3000 	C:\Windows\SYSTEM32\wintypes.dll
0x00007ff9f0850000 - 0x00007ff9f0a44000 	C:\Windows\SYSTEM32\dbghelp.dll

VM Arguments:
jvm_args: -agentlib:jdwp=transport=dt_socket,suspend=y,address=localhost:54611 -javaagent:C:\IDE\eclipse\configuration\org.eclipse.osgi\411\0\.cp\lib\javaagent-shaded.jar -Dfile.encoding=Cp1252 
java_command: cursojava.executavel.PrimeiraClasseJava
java_class_path (initial): C:\Glecio\Workspace\Curso-Java-Web\bin;C:\IDE\eclipse\configuration\org.eclipse.osgi\411\0\.cp\lib\javaagent-shaded.jar
Launcher Type: SUN_STANDARD

Environment Variables:
JAVA_HOME=C:\Program Files\Java\jdk1.8.0_221
JRE_HOME=C:\Program Files\Java\jdk1.8.0_221\jre
CLASSPATH=.;C:\Program Files\Java\jdk1.8.0_221\lib;
PATH=C:\Program Files\Java\jdk1.8.0_221\jre\bin;C:/Program Files/Java/jre1.8.0_231/bin/server;C:/Program Files/Java/jre1.8.0_231/bin;C:/Program Files/Java/jre1.8.0_231/lib/amd64;C:\Program Files (x86)\Common Files\Oracle\Java\javapath;C:\Windows\system32;C:\Windows;C:\Windows\System32\Wbem;C:\Windows\System32\WindowsPowerShell\v1.0\;C:\Windows\System32\OpenSSH\;C:\Program Files\Java\jdk1.8.0_221\bin;C:\Program Files\Git\cmd;c:\Program Files (x86)\Microsoft SQL Server\100\Tools\Binn\VSShell\Common7\IDE\;c:\Program Files (x86)\Microsoft SQL Server\100\Tools\Binn\;c:\Program Files\Microsoft SQL Server\100\Tools\Binn\;c:\Program Files (x86)\Microsoft SQL Server\100\DTS\Binn\;C:\Users\glecio.santos\AppData\Local\Microsoft\WindowsApps;;C:\Users\glecio.santos\AppData\Local\Programs\Microsoft VS Code\bin;C:\IDE\eclipse;
USERNAME=glecio.santos
OS=Windows_NT
PROCESSOR_IDENTIFIER=Intel64 Family 6 Model 94 Stepping 3, GenuineIntel



---------------  S Y S T E M  ---------------

OS: Windows 10.0 , 64 bit Build 18362 (10.0.18362.329)

CPU:total 4 (initial active 4) (4 cores per cpu, 1 threads per core) family 6 model 94 stepping 3, cmov, cx8, fxsr, mmx, sse, sse2, sse3, ssse3, sse4.1, sse4.2, popcnt, avx, avx2, aes, clmul, erms, rtm, 3dnowpref, lzcnt, tsc, tscinvbit, bmi1, bmi2, adx

Memory: 4k page, physical 7758712k(3165092k free), swap 9986936k(2529988k free)

vm_info: Java HotSpot(TM) 64-Bit Server VM (25.221-b11) for windows-amd64 JRE (1.8.0_221-b11), built on Jul  4 2019 04:39:29 by "java_re" with MS VC++ 10.0 (VS2010)

time: Thu Dec 12 16:14:28 2019
timezone: Hora Padrão de Buenos Aires
elapsed time: 320 seconds (0d 0h 5m 20s)

